#
# A fatal error has been detected by the Java Runtime Environment:
#
#  Internal Error (classFileParser.cpp:3174), pid=1216, tid=1516
#  Error: ShouldNotReachHere()
#
# JRE version: 6.0_18-b05
# Java VM: Java HotSpot(TM) 64-Bit Server VM (16.0-b12 mixed mode windows-amd64 )
# If you would like to submit a bug report, please visit:
#   http://java.sun.com/webapps/bugreport/crash.jsp
#

---------------  T H R E A D  ---------------

Current thread (0x00000000003bb800):  JavaThread "Unknown thread" [_thread_in_vm, id=1516, stack(0x00000000024d0000,0x00000000025d0000)]

Stack: [0x00000000024d0000,0x00000000025d0000]
[error occurred during error reporting (printing stack bounds), id 0xc0000005]


---------------  P R O C E S S  ---------------

Java Threads: ( => current thread )

Other Threads:

=>0x00000000003bb800 (exited) JavaThread "Unknown thread" [_thread_in_vm, id=1516, stack(0x00000000024d0000,0x00000000025d0000)]

VM state:not at safepoint (not fully initialized)

VM Mutex/Monitor currently owned by a thread: None

Dynamic libraries:
0x0000000000400000 - 0x000000000042e000 	C:\Program Files\Java\jdk1.6.0_18\bin\javaw.exe
0x0000000077cd0000 - 0x0000000077e56000 	C:\Windows\system32\ntdll.dll
0x0000000077ba0000 - 0x0000000077ccd000 	C:\Windows\system32\kernel32.dll
0x000007feffcd0000 - 0x000007feffdd8000 	C:\Windows\system32\ADVAPI32.dll
0x000007fefeb20000 - 0x000007fefec63000 	C:\Windows\system32\RPCRT4.dll
0x0000000077ad0000 - 0x0000000077b9d000 	C:\Windows\system32\USER32.dll
0x000007fefe500000 - 0x000007fefe564000 	C:\Windows\system32\GDI32.dll
0x000007fefe690000 - 0x000007fefe6bd000 	C:\Windows\system32\IMM32.DLL
0x000007feffbc0000 - 0x000007feffcc2000 	C:\Windows\system32\MSCTF.dll
0x000007fefea80000 - 0x000007fefeb1c000 	C:\Windows\system32\msvcrt.dll
0x000007fefe2c0000 - 0x000007fefe2cd000 	C:\Windows\system32\LPK.DLL
0x000007fefe220000 - 0x000007fefe2ba000 	C:\Windows\system32\USP10.dll
0x000000006d890000 - 0x000000006df34000 	C:\Program Files\Java\jdk1.6.0_18\jre\bin\server\jvm.dll
0x000007fefad80000 - 0x000007fefadb9000 	C:\Windows\system32\WINMM.dll
0x000007fefe8a0000 - 0x000007fefea78000 	C:\Windows\system32\ole32.dll
0x000007feffde0000 - 0x000007feffeb3000 	C:\Windows\system32\OLEAUT32.dll
0x0000000075340000 - 0x0000000075392000 	C:\Windows\system32\OLEACC.dll
0x000000006d800000 - 0x000000006d80e000 	C:\Program Files\Java\jdk1.6.0_18\jre\bin\verify.dll
0x000000006d450000 - 0x000000006d477000 	C:\Program Files\Java\jdk1.6.0_18\jre\bin\java.dll
0x000000006d3b0000 - 0x000000006d3ba000 	C:\Program Files\Java\jdk1.6.0_18\jre\bin\hpi.dll
0x0000000077e70000 - 0x0000000077e79000 	C:\Windows\system32\PSAPI.DLL
0x000000006d850000 - 0x000000006d862000 	C:\Program Files\Java\jdk1.6.0_18\jre\bin\zip.dll

VM Arguments:
jvm_args: -Dfile.encoding=Cp1252 -Xbootclasspath:C:\android-programming\android-sdk-windows\platforms\android-2.0.1\android.jar 
java_command: onCreate
Launcher Type: SUN_STANDARD

Environment Variables:
CLASSPATH=.;C:\Program Files (x86)\Java\jre6\lib\ext\QTJava.zip
PATH=C:/Program Files (x86)/Java/jre1.6.0_20/bin/client;C:/Program Files (x86)/Java/jre1.6.0_20/bin;C:\Program Files (x86)\AMD APP\bin\x86_64;C:\Program Files (x86)\AMD APP\bin\x86;C:\Windows\system32;C:\Windows;C:\Windows\System32\Wbem;C:\Program Files (x86)\ATI Technologies\ATI.ACE\Core-Static;i:\lua5.1;i:\lua5.1\clibs;C:\Program Files (x86)\Common Files\DivX Shared\;C:\Windows\System32\WindowsPowerShell\v1.0\;C:\Program Files\XviD MPEG-4 Video Codec 1.2.1 64-BIT;C:\Program Files\WIDCOMM\Bluetooth Software\;C:\Program Files\WIDCOMM\Bluetooth Software\syswow64;F:\Program Files\ATI Technologies\ATI.ACE\Core-Static;C:\Program Files (x86)\Mercurial\;C:\Program Files (x86)\QuickTime\QTSystem\
USERNAME=NHaul
OS=Windows_NT
PROCESSOR_IDENTIFIER=AMD64 Family 16 Model 2 Stepping 3, AuthenticAMD



---------------  S Y S T E M  ---------------

OS: Windows Vista Build 6002 Service Pack 2

CPU:total 3 (3 cores per cpu, 1 threads per core) family 16 model 2 stepping 3, cmov, cx8, fxsr, mmx, sse, sse2, sse3, popcnt, mmxext, 3dnow, 3dnowext, lzcnt, sse4a

Memory: 4k page, physical 4176784k(1987300k free), swap 5647636k(2191820k free)

vm_info: Java HotSpot(TM) 64-Bit Server VM (16.0-b12) for windows-amd64 JRE (1.6.0_18-ea-b05), built on Nov 18 2009 00:44:40 by "java_re" with MS VC++ 8.0 (VS2005)

time: Thu Sep 15 01:17:44 2011
elapsed time: 0 seconds

